time="2025-10-12T19:08:43-06:00" level=info msg="Post upload" image=me1.jpg
time="2025-10-12T19:08:43-06:00" level=info msg="Uploaded to S3" url="http://localhost:9000/imagai//me1.jpg"
time="2025-10-12T19:11:23-06:00" level=info msg="Post upload" image=me1.jpg
time="2025-10-12T19:11:23-06:00" level=info msg="Uploaded to S3" url="http://localhost:9000/imagai//me1.jpg"
time="2025-10-12T19:14:18-06:00" level=info msg="Post upload" image=me1.jpg
time="2025-10-12T19:14:18-06:00" level=info msg="Uploaded to S3" url="http://localhost:9000/imagai//me1.jpg"
time="2025-10-12T19:14:35-06:00" level=info msg="Post upload" image=me1.jpg
time="2025-10-12T19:14:36-06:00" level=info msg="Uploaded to S3" url="http://localhost:9000/imagai//me1.jpg"
time="2025-10-12T19:15:27-06:00" level=info msg="Post upload" image=me1.jpg
time="2025-10-12T19:15:27-06:00" level=info msg="Uploaded to S3" url="http://localhost:9000/imagai/carloscara28@hotmail.com/me1.jpg"
time="2025-10-12T19:33:27-06:00" level=info msg="Post upload" image=me1.jpg
time="2025-10-12T19:33:27-06:00" level=info msg="Uploaded to S3" url="http://localhost:9000/imagai/carloscara28@hotmail.com/me1.jpg"
time="2025-10-12T19:33:35-06:00" level=info msg="Post upload" image=me1.jpg
time="2025-10-12T19:33:35-06:00" level=info msg="Uploaded to S3" url="http://localhost:9000/imagai/carloscara29@hotmail.com/me1.jpg"
time="2025-10-12T19:49:14-06:00" level=error msg="Error loading multipart form" error="request Content-Type isn't multipart/form-data"
time="2025-10-12T20:22:09-06:00" level=info msg="Post upload" image=me1.jpg
time="2025-10-12T20:22:09-06:00" level=info msg="Uploaded to S3" url="http://localhost:9000/imagai/carloscara29@hotmail.com/me1.jpg"
time="2025-10-12T20:27:40-06:00" level=info msg="Post upload" image=me1.jpg
time="2025-10-12T20:27:40-06:00" level=info msg="Uploaded to S3" url="http://localhost:9000/imagai/carloscara29@hotmail.com/me1.jpg"
time="2025-10-12T20:38:20-06:00" level=error msg="Error while doing migrations" error="Error 1062 (23000): Duplicate entry 'me1.jpg' for key 'fotos.uni_fotos_nombre'"
time="2025-10-12T20:41:48-06:00" level=error msg="Error while doing migrations" error="Error 1062 (23000): Duplicate entry 'me1.jpg' for key 'fotos.uni_fotos_nombre'"
time="2025-10-12T20:42:41-06:00" level=error msg="Error while doing migrations" error="Error 1062 (23000): Duplicate entry 'me1.jpg' for key 'fotos.uni_fotos_nombre'"
time="2025-10-12T21:09:42-06:00" level=error msg="Error while doing migrations" error="Error 1062 (23000): Duplicate entry 'me1.jpg' for key 'fotos.uni_fotos_nombre'"
time="2025-10-12T21:10:51-06:00" level=error msg="Error while doing migrations" error="Error 1062 (23000): Duplicate entry 'me1.jpg' for key 'fotos.uni_fotos_nombre'"
time="2025-10-12T21:17:03-06:00" level=error msg="Error while doing migrations" error="Error 1062 (23000): Duplicate entry 'me1.jpg' for key 'fotos.uni_fotos_nombre'"
time="2025-10-12T21:22:00-06:00" level=error msg="Error while doing migrations" error="Error 1062 (23000): Duplicate entry 'me1.jpg' for key 'fotos.uni_fotos_nombre'"
time="2025-10-12T21:30:32-06:00" level=error msg="Error while doing migrations" error="Error 1062 (23000): Duplicate entry 'me1.jpg' for key 'fotos.uni_fotos_nombre'"
time="2025-10-12T21:41:28-06:00" level=error msg="Error while doing migrations" error="Error 1062 (23000): Duplicate entry 'me1.jpg' for key 'fotos.uni_fotos_nombre'"
time="2025-10-12T21:58:05-06:00" level=error msg="Error while doing migrations" error="Error 1062 (23000): Duplicate entry 'me1.jpg' for key 'fotos.uni_fotos_nombre'"
time="2025-10-16T20:13:31-06:00" level=error msg="Error while doing migrations" error="Error 1062 (23000): Duplicate entry 'me1.jpg' for key 'fotos.uni_fotos_nombre'"
time="2025-10-16T20:24:53-06:00" level=error msg="Error while doing migrations" error="Error 1062 (23000): Duplicate entry 'me1.jpg' for key 'fotos.uni_fotos_nombre'"
time="2025-10-16T20:26:25-06:00" level=error msg="Error while doing migrations" error="Error 1062 (23000): Duplicate entry 'me1.jpg' for key 'fotos.uni_fotos_nombre'"
time="2025-10-16T20:27:32-06:00" level=error msg="Error while doing migrations" error="Error 1062 (23000): Duplicate entry 'me1.jpg' for key 'fotos.uni_fotos_nombre'"
